<?xml version="1.0" encoding="UTF-8"?>
<!-- Generated by org.testng.reporters.JUnitReportReporter -->
<testsuite hostname="LAPTOP-BI39AB1F" failures="0" tests="2" name="test.android.AmazonTest" time="68.871" errors="0" timestamp="26 Jul 2020 13:05:36 GMT" skipped="1">
  <testcase classname="test.android.AmazonTest" name="orderTV" time="68.871"/>
  <testcase classname="test.android.AmazonTest" name="login">
    <skipped/>
  </testcase> <!-- login -->
</testsuite> <!-- test.android.AmazonTest -->
