<?xml version="1.0" encoding="UTF-8"?>
<!-- Generated by org.testng.reporters.JUnitReportReporter -->
<testsuite hostname="LAPTOP-BI39AB1F" failures="0" tests="2" name="tests.AmazonTest" time="80.483" errors="0" timestamp="29 Jul 2020 03:14:08 GMT" skipped="0">
  <testcase classname="tests.AmazonTest" name="orderTV" time="44.844"/>
  <testcase classname="tests.AmazonTest" name="login" time="35.639"/>
</testsuite> <!-- tests.AmazonTest -->
