<?xml version="1.0" encoding="UTF-8"?>
<!-- Generated by org.testng.reporters.JUnitReportReporter -->
<testsuite hostname="LAPTOP-BI39AB1F" failures="0" tests="2" name="tests.AmazonTest" time="78.130" errors="0" timestamp="29 Jul 2020 05:19:32 GMT" skipped="0">
  <testcase classname="tests.AmazonTest" name="orderTV" time="42.568"/>
  <testcase classname="tests.AmazonTest" name="login" time="35.562"/>
</testsuite> <!-- tests.AmazonTest -->
