<?xml version="1.0" encoding="UTF-8"?>
<!-- Generated by org.testng.reporters.JUnitReportReporter -->
<testsuite hostname="LAPTOP-BI39AB1F" failures="0" tests="2" name="tests.AmazonTest" time="79.060" errors="0" timestamp="29 Jul 2020 12:54:45 GMT" skipped="0">
  <testcase classname="tests.AmazonTest" name="login" time="28.381"/>
  <testcase classname="tests.AmazonTest" name="orderTV" time="50.679"/>
</testsuite> <!-- tests.AmazonTest -->
